<?xml version="1.0" encoding="UTF-8"?>
<!-- Generated by org.testng.reporters.JUnitReportReporter -->
<testsuite hostname="DESKTOP-D3D23G2" failures="0" tests="74" name="ds.algo.testrunner.DSAlgoTestRunner" time="137.480" errors="0" timestamp="2023-04-12T22:07:02 EDT" skipped="0">
  <testcase classname="ds.algo.testrunner.DSAlgoTestRunner" name="runScenario" time="2.461"/>
  <system-out/>
  <testcase classname="ds.algo.testrunner.DSAlgoTestRunner" name="runScenario" time="1.185"/>
  <system-out/>
  <testcase classname="ds.algo.testrunner.DSAlgoTestRunner" name="runScenario" time="0.252"/>
  <system-out/>
  <testcase classname="ds.algo.testrunner.DSAlgoTestRunner" name="runScenario" time="2.328"/>
  <system-out/>
  <testcase classname="ds.algo.testrunner.DSAlgoTestRunner" name="runScenario" time="2.984"/>
  <system-out/>
  <testcase classname="ds.algo.testrunner.DSAlgoTestRunner" name="runScenario" time="0.322"/>
  <system-out/>
  <testcase classname="ds.algo.testrunner.DSAlgoTestRunner" name="runScenario" time="4.131"/>
  <system-out/>
  <testcase classname="ds.algo.testrunner.DSAlgoTestRunner" name="runScenario" time="2.323"/>
  <system-out/>
  <testcase classname="ds.algo.testrunner.DSAlgoTestRunner" name="runScenario" time="1.308"/>
  <system-out/>
  <testcase classname="ds.algo.testrunner.DSAlgoTestRunner" name="runScenario" time="0.560"/>
  <system-out/>
  <testcase classname="ds.algo.testrunner.DSAlgoTestRunner" name="runScenario" time="3.157"/>
  <system-out/>
  <testcase classname="ds.algo.testrunner.DSAlgoTestRunner" name="runScenario" time="2.966"/>
  <system-out/>
  <testcase classname="ds.algo.testrunner.DSAlgoTestRunner" name="runScenario" time="0.376"/>
  <system-out/>
  <testcase classname="ds.algo.testrunner.DSAlgoTestRunner" name="runScenario" time="2.761"/>
  <system-out/>
  <testcase classname="ds.algo.testrunner.DSAlgoTestRunner" name="runScenario" time="1.235"/>
  <system-out/>
  <testcase classname="ds.algo.testrunner.DSAlgoTestRunner" name="runScenario" time="0.313"/>
  <system-out/>
  <testcase classname="ds.algo.testrunner.DSAlgoTestRunner" name="runScenario" time="0.660"/>
  <system-out/>
  <testcase classname="ds.algo.testrunner.DSAlgoTestRunner" name="runScenario" time="2.712"/>
  <system-out/>
  <testcase classname="ds.algo.testrunner.DSAlgoTestRunner" name="runScenario" time="2.764"/>
  <system-out/>
  <testcase classname="ds.algo.testrunner.DSAlgoTestRunner" name="runScenario" time="0.296"/>
  <system-out/>
  <testcase classname="ds.algo.testrunner.DSAlgoTestRunner" name="runScenario" time="0.366"/>
  <system-out/>
  <testcase classname="ds.algo.testrunner.DSAlgoTestRunner" name="runScenario" time="3.046"/>
  <system-out/>
  <testcase classname="ds.algo.testrunner.DSAlgoTestRunner" name="runScenario" time="0.216"/>
  <system-out/>
  <testcase classname="ds.algo.testrunner.DSAlgoTestRunner" name="runScenario" time="2.810"/>
  <system-out/>
  <testcase classname="ds.algo.testrunner.DSAlgoTestRunner" name="runScenario" time="2.725"/>
  <system-out/>
  <testcase classname="ds.algo.testrunner.DSAlgoTestRunner" name="runScenario" time="2.750"/>
  <system-out/>
  <testcase classname="ds.algo.testrunner.DSAlgoTestRunner" name="runScenario" time="4.057"/>
  <system-out/>
  <testcase classname="ds.algo.testrunner.DSAlgoTestRunner" name="runScenario" time="0.151"/>
  <system-out/>
  <testcase classname="ds.algo.testrunner.DSAlgoTestRunner" name="runScenario" time="1.886"/>
  <system-out/>
  <testcase classname="ds.algo.testrunner.DSAlgoTestRunner" name="runScenario" time="4.753"/>
  <system-out/>
  <testcase classname="ds.algo.testrunner.DSAlgoTestRunner" name="runScenario" time="2.078"/>
  <system-out/>
  <testcase classname="ds.algo.testrunner.DSAlgoTestRunner" name="runScenario" time="2.681"/>
  <system-out/>
  <testcase classname="ds.algo.testrunner.DSAlgoTestRunner" name="runScenario" time="0.188"/>
  <system-out/>
  <testcase classname="ds.algo.testrunner.DSAlgoTestRunner" name="runScenario" time="2.783"/>
  <system-out/>
  <testcase classname="ds.algo.testrunner.DSAlgoTestRunner" name="runScenario" time="2.763"/>
  <system-out/>
  <testcase classname="ds.algo.testrunner.DSAlgoTestRunner" name="runScenario" time="5.180"/>
  <system-out/>
  <testcase classname="ds.algo.testrunner.DSAlgoTestRunner" name="runScenario" time="0.288"/>
  <system-out/>
  <testcase classname="ds.algo.testrunner.DSAlgoTestRunner" name="runScenario" time="1.182"/>
  <system-out/>
  <testcase classname="ds.algo.testrunner.DSAlgoTestRunner" name="runScenario" time="0.496"/>
  <system-out/>
  <testcase classname="ds.algo.testrunner.DSAlgoTestRunner" name="runScenario" time="0.317"/>
  <system-out/>
  <testcase classname="ds.algo.testrunner.DSAlgoTestRunner" name="runScenario" time="0.701"/>
  <system-out/>
  <testcase classname="ds.algo.testrunner.DSAlgoTestRunner" name="runScenario" time="2.705"/>
  <system-out/>
  <testcase classname="ds.algo.testrunner.DSAlgoTestRunner" name="runScenario" time="0.150"/>
  <system-out/>
  <testcase classname="ds.algo.testrunner.DSAlgoTestRunner" name="runScenario" time="3.636"/>
  <system-out/>
  <testcase classname="ds.algo.testrunner.DSAlgoTestRunner" name="runScenario" time="3.004"/>
  <system-out/>
  <testcase classname="ds.algo.testrunner.DSAlgoTestRunner" name="runScenario" time="2.646"/>
  <system-out/>
  <testcase classname="ds.algo.testrunner.DSAlgoTestRunner" name="runScenario" time="2.737"/>
  <system-out/>
  <testcase classname="ds.algo.testrunner.DSAlgoTestRunner" name="runScenario" time="1.196"/>
  <system-out/>
  <testcase classname="ds.algo.testrunner.DSAlgoTestRunner" name="runScenario" time="1.447"/>
  <system-out/>
  <testcase classname="ds.algo.testrunner.DSAlgoTestRunner" name="runScenario" time="0.727"/>
  <system-out/>
  <testcase classname="ds.algo.testrunner.DSAlgoTestRunner" name="runScenario" time="2.830"/>
  <system-out/>
  <testcase classname="ds.algo.testrunner.DSAlgoTestRunner" name="runScenario" time="2.643"/>
  <system-out/>
  <testcase classname="ds.algo.testrunner.DSAlgoTestRunner" name="runScenario" time="0.339"/>
  <system-out/>
  <testcase classname="ds.algo.testrunner.DSAlgoTestRunner" name="runScenario" time="1.783"/>
  <system-out/>
  <testcase classname="ds.algo.testrunner.DSAlgoTestRunner" name="runScenario" time="0.681"/>
  <system-out/>
  <testcase classname="ds.algo.testrunner.DSAlgoTestRunner" name="runScenario" time="2.757"/>
  <system-out/>
  <testcase classname="ds.algo.testrunner.DSAlgoTestRunner" name="runScenario" time="1.193"/>
  <system-out/>
  <testcase classname="ds.algo.testrunner.DSAlgoTestRunner" name="runScenario" time="2.829"/>
  <system-out/>
  <testcase classname="ds.algo.testrunner.DSAlgoTestRunner" name="runScenario" time="2.808"/>
  <system-out/>
  <testcase classname="ds.algo.testrunner.DSAlgoTestRunner" name="runScenario" time="0.572"/>
  <system-out/>
  <testcase classname="ds.algo.testrunner.DSAlgoTestRunner" name="runScenario" time="3.904"/>
  <system-out/>
  <testcase classname="ds.algo.testrunner.DSAlgoTestRunner" name="runScenario" time="0.169"/>
  <system-out/>
  <testcase classname="ds.algo.testrunner.DSAlgoTestRunner" name="runScenario" time="2.703"/>
  <system-out/>
  <testcase classname="ds.algo.testrunner.DSAlgoTestRunner" name="runScenario" time="2.644"/>
  <system-out/>
  <testcase classname="ds.algo.testrunner.DSAlgoTestRunner" name="runScenario" time="0.332"/>
  <system-out/>
  <testcase classname="ds.algo.testrunner.DSAlgoTestRunner" name="runScenario" time="1.867"/>
  <system-out/>
  <testcase classname="ds.algo.testrunner.DSAlgoTestRunner" name="runScenario" time="0.833"/>
  <system-out/>
  <testcase classname="ds.algo.testrunner.DSAlgoTestRunner" name="runScenario" time="1.469"/>
  <system-out/>
  <testcase classname="ds.algo.testrunner.DSAlgoTestRunner" name="runScenario" time="1.193"/>
  <system-out/>
  <testcase classname="ds.algo.testrunner.DSAlgoTestRunner" name="runScenario" time="1.211"/>
  <system-out/>
  <testcase classname="ds.algo.testrunner.DSAlgoTestRunner" name="runScenario" time="3.652"/>
  <system-out/>
  <testcase classname="ds.algo.testrunner.DSAlgoTestRunner" name="runScenario" time="0.227"/>
  <system-out/>
  <testcase classname="ds.algo.testrunner.DSAlgoTestRunner" name="runScenario" time="1.312"/>
  <system-out/>
  <testcase classname="ds.algo.testrunner.DSAlgoTestRunner" name="runScenario" time="2.770"/>
  <system-out/>
</testsuite> <!-- ds.algo.testrunner.DSAlgoTestRunner -->
